<?xml version="1.0" encoding="UTF-8"?>
<!-- Generated by org.testng.reporters.JUnitReportReporter -->
<testsuite skipped="0" hostname="LAPTOP-0B97RDP4" name="sdet.testbase.NewCompanyPageTest" tests="1" failures="0" timestamp="2022-04-18T18:16:31 IST" time="24.013" errors="0">
  <testcase name="validatecreateCompanyTest" time="24.013" classname="sdet.testbase.NewCompanyPageTest"/>
  <system-out/>
</testsuite> <!-- sdet.testbase.NewCompanyPageTest -->
