<?xml version="1.0" encoding="UTF-8"?>
<!-- Generated by org.testng.reporters.JUnitReportReporter -->
<testsuite skipped="0" hostname="LAPTOP-0B97RDP4" name="sdet.testbase.NewDealPageTest" tests="1" failures="0" timestamp="2022-04-18T18:23:16 IST" time="24.181" errors="0">
  <testcase name="validateCreateDealTest" time="24.181" classname="sdet.testbase.NewDealPageTest"/>
  <system-out/>
</testsuite> <!-- sdet.testbase.NewDealPageTest -->
