<?xml version="1.0" encoding="UTF-8"?>
<!-- Generated by org.testng.reporters.JUnitReportReporter -->
<testsuite skipped="0" hostname="LAPTOP-0B97RDP4" name="sdet.testbase.LoginPageTest" tests="1" failures="0" timestamp="2022-04-15T11:58:06 IST" time="20.295" errors="0">
  <testcase name="validateLoginTest" time="20.295" classname="sdet.testbase.LoginPageTest"/>
  <system-out/>
</testsuite> <!-- sdet.testbase.LoginPageTest -->
