<?xml version="1.0" encoding="UTF-8"?>
<!-- Generated by org.testng.reporters.JUnitReportReporter -->
<testsuite skipped="0" hostname="LAPTOP-0B97RDP4" name="webPages.LoginPageTest" tests="5" failures="0" timestamp="2022-04-13T09:55:35 IST" time="80.448" errors="0">
  <testcase name="validateLoginTest3" time="15.148" classname="webPages.LoginPageTest"/>
  <system-out/>
  <testcase name="validateLoginTest4" time="16.659" classname="webPages.LoginPageTest"/>
  <system-out/>
  <testcase name="validateLoginTest2" time="13.913" classname="webPages.LoginPageTest"/>
  <system-out/>
  <testcase name="validateLoginTest5" time="11.826" classname="webPages.LoginPageTest"/>
  <system-out/>
  <testcase name="validateLoginTest1" time="22.902" classname="webPages.LoginPageTest"/>
  <system-out/>
</testsuite> <!-- webPages.LoginPageTest -->
