<?xml version="1.0" encoding="UTF-8"?>
<!-- Generated by org.testng.reporters.JUnitReportReporter -->
<testsuite skipped="1" hostname="LAPTOP-0B97RDP4" name="sdet.testbase.NewContactPageTest" tests="1" failures="0" timestamp="2022-04-26T01:03:03 IST" time="0.000" errors="0">
  <testcase name="validateCreateContactTest" time="0.000" classname="sdet.testbase.NewContactPageTest">
    <skipped/>
  </testcase> <!-- validateCreateContactTest -->
  <system-out/>
</testsuite> <!-- sdet.testbase.NewContactPageTest -->
